C:\Program Files\Microsoft Visual Studio\2022\Community\MSBuild\Microsoft\VC\v170\Microsoft.CppBuild.targets(514,5): warning MSB8028: The intermediate directory (x64\Release\) contains files shared from another project (Menu.vcxproj, MH_Base_V2.vcxproj).  This can lead to incorrect clean and rebuild behavior.
  Assembling Spoof.asm...
  CrossMapping.cpp
  dllmain.cpp
  Functions.cpp
  Hooking.cpp
  imgui.cpp
  imgui_demo.cpp
  imgui_draw.cpp
  imgui_impl_dx11.cpp
  imgui_impl_win32.cpp
  imgui_tables.cpp
  imgui_widgets.cpp
  InputHook.cpp
  keyboard.cpp
  Log.cpp
  Main_Script.cpp
  Memory.cpp
  NativeInvoker.cpp
  D3DRenderer.cpp
  UI.cpp
  YTDLOADER.cpp
  Generating code
  Previous IPDB not found, fall back to full compilation.
  All 7301 functions were compiled because no usable IPDB/IOBJ from previous compilation was found.
  Finished generating code
libMinHook-x64-v143-md.lib(hook.obj) : warning LNK4099: PDB '' was not found with 'libMinHook-x64-v143-md.lib(hook.obj)' or at ''; linking object as if no debug info
libMinHook-x64-v143-md.lib(buffer.obj) : warning LNK4099: PDB '' was not found with 'libMinHook-x64-v143-md.lib(buffer.obj)' or at ''; linking object as if no debug info
libMinHook-x64-v143-md.lib(trampoline.obj) : warning LNK4099: PDB '' was not found with 'libMinHook-x64-v143-md.lib(trampoline.obj)' or at ''; linking object as if no debug info
libMinHook-x64-v143-md.lib(hde64.obj) : warning LNK4099: PDB '' was not found with 'libMinHook-x64-v143-md.lib(hde64.obj)' or at ''; linking object as if no debug info
  MH_Base_V2.vcxproj -> D:\Projects\Mod_It_gg\x64\Release\Mod It.dll
