c:\users\progg_pro\downloads\mh_base_v2_earyacc\mh_base_v2\x64\release\vc143.pdb
c:\users\progg_pro\downloads\mh_base_v2_earyacc\mh_base_v2\x64\release\ytdloader.obj
c:\users\progg_pro\downloads\mh_base_v2_earyacc\mh_base_v2\x64\release\ui.obj
c:\users\progg_pro\downloads\mh_base_v2_earyacc\mh_base_v2\x64\release\d3drenderer.obj
c:\users\progg_pro\downloads\mh_base_v2_earyacc\mh_base_v2\x64\release\nativeinvoker.obj
c:\users\progg_pro\downloads\mh_base_v2_earyacc\mh_base_v2\x64\release\memory.obj
c:\users\progg_pro\downloads\mh_base_v2_earyacc\mh_base_v2\x64\release\main_script.obj
c:\users\progg_pro\downloads\mh_base_v2_earyacc\mh_base_v2\x64\release\log.obj
c:\users\progg_pro\downloads\mh_base_v2_earyacc\mh_base_v2\x64\release\keyboard.obj
c:\users\progg_pro\downloads\mh_base_v2_earyacc\mh_base_v2\x64\release\inputhook.obj
c:\users\progg_pro\downloads\mh_base_v2_earyacc\mh_base_v2\x64\release\imgui_widgets.obj
c:\users\progg_pro\downloads\mh_base_v2_earyacc\mh_base_v2\x64\release\imgui_tables.obj
c:\users\progg_pro\downloads\mh_base_v2_earyacc\mh_base_v2\x64\release\imgui_impl_win32.obj
c:\users\progg_pro\downloads\mh_base_v2_earyacc\mh_base_v2\x64\release\imgui_impl_dx11.obj
c:\users\progg_pro\downloads\mh_base_v2_earyacc\mh_base_v2\x64\release\imgui_draw.obj
c:\users\progg_pro\downloads\mh_base_v2_earyacc\mh_base_v2\x64\release\imgui_demo.obj
c:\users\progg_pro\downloads\mh_base_v2_earyacc\mh_base_v2\x64\release\imgui.obj
c:\users\progg_pro\downloads\mh_base_v2_earyacc\mh_base_v2\x64\release\hooking.obj
c:\users\progg_pro\downloads\mh_base_v2_earyacc\mh_base_v2\x64\release\functions.obj
c:\users\progg_pro\downloads\mh_base_v2_earyacc\mh_base_v2\x64\release\dllmain.obj
c:\users\progg_pro\downloads\mh_base_v2_earyacc\mh_base_v2\x64\release\crossmapping.obj
c:\users\progg_pro\downloads\mh_base_v2_earyacc\x64\release\mh_base_v2.dll
c:\users\progg_pro\downloads\mh_base_v2_earyacc\mh_base_v2\x64\release\mh_base_v2.ipdb
c:\users\progg_pro\downloads\mh_base_v2_earyacc\x64\release\mh_base_v2.pdb
c:\users\progg_pro\downloads\mh_base_v2_earyacc\mh_base_v2\x64\release\mh_base_v2.iobj
c:\users\progg_pro\downloads\mh_base_v2_earyacc\mh_base_v2\x64\release\spoof.obj
c:\users\progg_pro\downloads\mh_base_v2_earyacc\mh_base_v2\x64\release\mh_base_v2.tlog\cl.command.1.tlog
c:\users\progg_pro\downloads\mh_base_v2_earyacc\mh_base_v2\x64\release\mh_base_v2.tlog\cl.items.tlog
c:\users\progg_pro\downloads\mh_base_v2_earyacc\mh_base_v2\x64\release\mh_base_v2.tlog\cl.read.1.tlog
c:\users\progg_pro\downloads\mh_base_v2_earyacc\mh_base_v2\x64\release\mh_base_v2.tlog\cl.write.1.tlog
c:\users\progg_pro\downloads\mh_base_v2_earyacc\mh_base_v2\x64\release\mh_base_v2.tlog\link.command.1.tlog
c:\users\progg_pro\downloads\mh_base_v2_earyacc\mh_base_v2\x64\release\mh_base_v2.tlog\link.read.1.tlog
c:\users\progg_pro\downloads\mh_base_v2_earyacc\mh_base_v2\x64\release\mh_base_v2.tlog\link.write.1.tlog
c:\users\progg_pro\downloads\mh_base_v2_earyacc\mh_base_v2\x64\release\mh_base_v2.tlog\masm.read.1u.tlog
c:\users\progg_pro\downloads\mh_base_v2_earyacc\mh_base_v2\x64\release\mh_base_v2.tlog\masm.write.1u.tlog
