d:\projects\v2\mh_base_v2\x64\release\vc143.pdb
d:\projects\v2\mh_base_v2\x64\release\ytdloader.obj
d:\projects\v2\mh_base_v2\x64\release\ui.obj
d:\projects\v2\mh_base_v2\x64\release\d3drenderer.obj
d:\projects\v2\mh_base_v2\x64\release\nativeinvoker.obj
d:\projects\v2\mh_base_v2\x64\release\memory.obj
d:\projects\v2\mh_base_v2\x64\release\main_script.obj
d:\projects\v2\mh_base_v2\x64\release\log.obj
d:\projects\v2\mh_base_v2\x64\release\keyboard.obj
d:\projects\v2\mh_base_v2\x64\release\inputhook.obj
d:\projects\v2\mh_base_v2\x64\release\imgui_widgets.obj
d:\projects\v2\mh_base_v2\x64\release\imgui_tables.obj
d:\projects\v2\mh_base_v2\x64\release\imgui_impl_win32.obj
d:\projects\v2\mh_base_v2\x64\release\imgui_impl_dx11.obj
d:\projects\v2\mh_base_v2\x64\release\imgui_draw.obj
d:\projects\v2\mh_base_v2\x64\release\imgui_demo.obj
d:\projects\v2\mh_base_v2\x64\release\imgui.obj
d:\projects\v2\mh_base_v2\x64\release\hooking.obj
d:\projects\v2\mh_base_v2\x64\release\functions.obj
d:\projects\v2\mh_base_v2\x64\release\dllmain.obj
d:\projects\v2\mh_base_v2\x64\release\crossmapping.obj
d:\projects\v2\x64\release\mod it.dll
d:\projects\v2\x64\release\mod it.pdb
d:\projects\v2\mh_base_v2\x64\release\spoof.obj
d:\projects\v2\mh_base_v2\x64\release\mod it.ipdb
d:\projects\v2\mh_base_v2\x64\release\mod it.iobj
d:\projects\mod_it_gg\mh_base_v2\x64\release\crossmapping.obj
d:\projects\mod_it_gg\mh_base_v2\x64\release\d3drenderer.obj
d:\projects\mod_it_gg\mh_base_v2\x64\release\dllmain.obj
d:\projects\mod_it_gg\mh_base_v2\x64\release\functions.obj
d:\projects\mod_it_gg\mh_base_v2\x64\release\hooking.obj
d:\projects\mod_it_gg\mh_base_v2\x64\release\imgui.obj
d:\projects\mod_it_gg\mh_base_v2\x64\release\imgui_demo.obj
d:\projects\mod_it_gg\mh_base_v2\x64\release\imgui_draw.obj
d:\projects\mod_it_gg\mh_base_v2\x64\release\imgui_impl_dx11.obj
d:\projects\mod_it_gg\mh_base_v2\x64\release\imgui_impl_win32.obj
d:\projects\mod_it_gg\mh_base_v2\x64\release\imgui_tables.obj
d:\projects\mod_it_gg\mh_base_v2\x64\release\imgui_widgets.obj
d:\projects\mod_it_gg\mh_base_v2\x64\release\inputhook.obj
d:\projects\mod_it_gg\mh_base_v2\x64\release\keyboard.obj
d:\projects\mod_it_gg\mh_base_v2\x64\release\log.obj
d:\projects\mod_it_gg\mh_base_v2\x64\release\main_script.obj
d:\projects\mod_it_gg\mh_base_v2\x64\release\memory.obj
d:\projects\mod_it_gg\mh_base_v2\x64\release\nativeinvoker.obj
d:\projects\mod_it_gg\mh_base_v2\x64\release\spoof.obj
d:\projects\mod_it_gg\mh_base_v2\x64\release\ui.obj
d:\projects\mod_it_gg\mh_base_v2\x64\release\ytdloader.obj
d:\projects\mod_it_gg\mh_base_v2\x64\release\mod it.ipdb
d:\projects\mod_it_gg\mh_base_v2\x64\release\mod it.iobj
d:\projects\mod_it_gg\mh_base_v2\x64\release\vc143.pdb
d:\projects\mod_it_gg\x64\release\mod it.pdb
d:\projects\mod_it_gg\x64\release\mod it.dll
d:\projects\mod_it_gg\mh_base_v2\x64\release\mod it.tlog\cl.command.1.tlog
d:\projects\mod_it_gg\mh_base_v2\x64\release\mod it.tlog\cl.items.tlog
d:\projects\mod_it_gg\mh_base_v2\x64\release\mod it.tlog\cl.read.1.tlog
d:\projects\mod_it_gg\mh_base_v2\x64\release\mod it.tlog\cl.write.1.tlog
d:\projects\mod_it_gg\mh_base_v2\x64\release\mod it.tlog\link.command.1.tlog
d:\projects\mod_it_gg\mh_base_v2\x64\release\mod it.tlog\link.read.1.tlog
d:\projects\mod_it_gg\mh_base_v2\x64\release\mod it.tlog\link.secondary.1.tlog
d:\projects\mod_it_gg\mh_base_v2\x64\release\mod it.tlog\link.write.1.tlog
d:\projects\mod_it_gg\mh_base_v2\x64\release\mod it.tlog\masm.read.1u.tlog
d:\projects\mod_it_gg\mh_base_v2\x64\release\mod it.tlog\masm.write.1u.tlog
